
> carecoins-backend@0.1.0 dev
> node --watch src/server.js

node:events:497
      throw er; // Unhandled 'error' event
      ^

Error: listen EADDRINUSE: address already in use :::3000
    at Server.setupListenHandle [as _listen2] (node:net:1940:16)
    at listenInCluster (node:net:1997:12)
    at Server.listen (node:net:2102:7)
    at Function.listen (/Users/pablogtorres/Library/Mobile Documents/com~apple~CloudDocs/TFG/TFG/backend/node_modules/express/lib/application.js:635:24)
    at file:///Users/pablogtorres/Library/Mobile%20Documents/com%7Eapple%7ECloudDocs/TFG/TFG/backend/src/server.js:39:5
    at ModuleJob.run (node:internal/modules/esm/module_job:345:25)
    at process.processTicksAndRejections (node:internal/process/task_queues:105:5)
    at async onImport.tracePromise.__proto__ (node:internal/modules/esm/loader:665:26)
    at async asyncRunEntryPointWithESMLoader (node:internal/modules/run_main:117:5)
Emitted 'error' event on Server instance at:
    at emitErrorNT (node:net:1976:8)
    at process.processTicksAndRejections (node:internal/process/task_queues:90:21) {
  code: 'EADDRINUSE',
  errno: -48,
  syscall: 'listen',
  address: '::',
  port: 3000
}

Node.js v22.20.0
Failed running 'src/server.js'. Waiting for file changes before restarting...
